2025-05-13T05:41:23.186234+0000 INFO Creating FileHelper:
    json_base_dir:           /mnt/PassiveAcoustics/DETECTOR_OUTPUT/PYTHON_SOUNDSCAPE_PYPAM/Raw/NEFSC_DE/NEFSC_DE_202306_DB03/JSON
    audio_base_dir:          file:///mnt/PassiveAcoustics_Soundfiles/BOTTOM_MOUNTED/NEFSC_DE/NEFSC_DE_202306_DB03/7402_48kHz_UTC
    segment_size_in_mins:    1
    s3_client:               None
    gs_client:               None
    download_dir:            None
    assume_downloaded_files: False
    retain_downloaded_files: False
    print_downloading_lines: False

2025-05-13T05:41:23.186524+0000 INFO Creating ProcessHelper:
    output_dir:             /mnt/PassiveAcoustics/DETECTOR_OUTPUT/PYTHON_SOUNDSCAPE_PYPAM/Raw/NEFSC_DE/NEFSC_DE_202306_DB03/NC
    output_prefix:          NEFSC_DE_202306_DB03_
    gen_netcdf:             True
    global_attrs_uri:       /mnt/PassiveAcoustics/DETECTOR_OUTPUT/PYTHON_SOUNDSCAPE_PYPAM/Raw/NEFSC_DE/NEFSC_DE_202306_DB03/META/globalAttributes_NEFSC_DE_202306_DB03.yaml
    set_global_attrs:       None
    variable_attrs_uri:     /mnt/PassiveAcoustics/DETECTOR_OUTPUT/PYTHON_SOUNDSCAPE_PYPAM/Raw/NEFSC_DE/NEFSC_DE_202306_DB03/META/variableAttributes_NEFSC_DE_202306_DB03.yaml
    voltage_multiplier:     None
    sensitivity_uri:        None
    sensitivity_flat_value: 176.6
    subset_to:              (20, 24000)

2025-05-13T05:41:23.186626+0000 INFO Loading global attributes from attrs_uri='/mnt/PassiveAcoustics/DETECTOR_OUTPUT/PYTHON_SOUNDSCAPE_PYPAM/Raw/NEFSC_DE/NEFSC_DE_202306_DB03/META/globalAttributes_NEFSC_DE_202306_DB03.yaml'
2025-05-13T05:41:23.208563+0000 INFO Loading variable attributes from attrs_uri='/mnt/PassiveAcoustics/DETECTOR_OUTPUT/PYTHON_SOUNDSCAPE_PYPAM/Raw/NEFSC_DE/NEFSC_DE_202306_DB03/META/variableAttributes_NEFSC_DE_202306_DB03.yaml'
2025-05-13T05:41:23.215756+0000 INFO Will use given flat sensitivity value: 176.6
2025-05-13T05:41:23.216078+0000 INFO Selecting day: 20230925
2025-05-13T05:41:23.220514+0000 INFO Processing 1440 segments ...
2025-05-13T05:41:23.489850+0000 INFO Got audio parameters
2025-05-13T05:44:57.727631+0000 INFO Aggregating results ...
2025-05-13T05:44:57.829783+0000 INFO Subsetting to [20, 24,000)Hz
2025-05-13T05:44:57.830685+0000 INFO        bands_c (2157) = [20.0, 21.0, 22.0, ..., 23850.637954651032, 23905.619353446305, 23960.727497455657]
2025-05-13T05:44:57.830846+0000 INFO   bands_limits (2158) = [19.5, 20.5, 21.5, ..., 23878.112829131765, 23933.157564053876, 23988.329190194883]
2025-05-13T05:44:58.540129+0000 INFO Resulting milli_psd=<xarray.DataArray 'psd' (time: 1440, frequency_bins: 2157)>
array([[84.576385, 84.89733 , 85.880806, ..., 35.0629  , 35.006416,
        35.099136],
       [88.23399 , 88.04467 , 88.46724 , ..., 34.916866, 35.146446,
        34.93958 ],
       [86.09286 , 86.85109 , 86.2978  , ..., 34.953594, 35.084457,
        35.059067],
       ...,
       [96.30678 , 92.61346 , 89.79116 , ..., 33.340736, 33.33783 ,
        33.255   ],
       [97.62314 , 94.07496 , 89.77368 , ..., 33.267708, 33.10672 ,
        33.46352 ],
       [98.43351 , 95.422   , 91.85231 , ..., 33.304813, 33.134624,
        33.365364]], dtype=float32)
Coordinates:
  * time       (time) int64 1695600000 1695600060 ... 1695686280 1695686340
    frequency  (frequency_bins) float32 20.0 21.0 22.0 ... 2.391e+04 2.396e+04
Dimensions without coordinates: frequency_bins
2025-05-13T05:44:58.545738+0000 INFO   - saving dataset to: /mnt/PassiveAcoustics/DETECTOR_OUTPUT/PYTHON_SOUNDSCAPE_PYPAM/Raw/NEFSC_DE/NEFSC_DE_202306_DB03/NC/NEFSC_DE_202306_DB03_20230925.nc
