2025-05-13T05:48:35.773553+0000 INFO Creating FileHelper:
    json_base_dir:           /mnt/PassiveAcoustics/DETECTOR_OUTPUT/PYTHON_SOUNDSCAPE_PYPAM/Raw/NEFSC_DE/NEFSC_DE_202306_DB03/JSON
    audio_base_dir:          file:///mnt/PassiveAcoustics_Soundfiles/BOTTOM_MOUNTED/NEFSC_DE/NEFSC_DE_202306_DB03/7402_48kHz_UTC
    segment_size_in_mins:    1
    s3_client:               None
    gs_client:               None
    download_dir:            None
    assume_downloaded_files: False
    retain_downloaded_files: False
    print_downloading_lines: False

2025-05-13T05:48:35.773880+0000 INFO Creating ProcessHelper:
    output_dir:             /mnt/PassiveAcoustics/DETECTOR_OUTPUT/PYTHON_SOUNDSCAPE_PYPAM/Raw/NEFSC_DE/NEFSC_DE_202306_DB03/NC
    output_prefix:          NEFSC_DE_202306_DB03_
    gen_netcdf:             True
    global_attrs_uri:       /mnt/PassiveAcoustics/DETECTOR_OUTPUT/PYTHON_SOUNDSCAPE_PYPAM/Raw/NEFSC_DE/NEFSC_DE_202306_DB03/META/globalAttributes_NEFSC_DE_202306_DB03.yaml
    set_global_attrs:       None
    variable_attrs_uri:     /mnt/PassiveAcoustics/DETECTOR_OUTPUT/PYTHON_SOUNDSCAPE_PYPAM/Raw/NEFSC_DE/NEFSC_DE_202306_DB03/META/variableAttributes_NEFSC_DE_202306_DB03.yaml
    voltage_multiplier:     None
    sensitivity_uri:        None
    sensitivity_flat_value: 176.6
    subset_to:              (20, 24000)

2025-05-13T05:48:35.773987+0000 INFO Loading global attributes from attrs_uri='/mnt/PassiveAcoustics/DETECTOR_OUTPUT/PYTHON_SOUNDSCAPE_PYPAM/Raw/NEFSC_DE/NEFSC_DE_202306_DB03/META/globalAttributes_NEFSC_DE_202306_DB03.yaml'
2025-05-13T05:48:35.785157+0000 INFO Loading variable attributes from attrs_uri='/mnt/PassiveAcoustics/DETECTOR_OUTPUT/PYTHON_SOUNDSCAPE_PYPAM/Raw/NEFSC_DE/NEFSC_DE_202306_DB03/META/variableAttributes_NEFSC_DE_202306_DB03.yaml'
2025-05-13T05:48:35.791360+0000 INFO Will use given flat sensitivity value: 176.6
2025-05-13T05:48:35.791779+0000 INFO Selecting day: 20230927
2025-05-13T05:48:35.796932+0000 INFO Processing 1440 segments ...
2025-05-13T05:48:35.960556+0000 INFO Got audio parameters
2025-05-13T05:52:07.893646+0000 INFO Aggregating results ...
2025-05-13T05:52:08.006062+0000 INFO Subsetting to [20, 24,000)Hz
2025-05-13T05:52:08.007047+0000 INFO        bands_c (2157) = [20.0, 21.0, 22.0, ..., 23850.637954651032, 23905.619353446305, 23960.727497455657]
2025-05-13T05:52:08.007217+0000 INFO   bands_limits (2158) = [19.5, 20.5, 21.5, ..., 23878.112829131765, 23933.157564053876, 23988.329190194883]
2025-05-13T05:52:08.693495+0000 INFO Resulting milli_psd=<xarray.DataArray 'psd' (time: 1440, frequency_bins: 2157)>
array([[114.848526, 112.57893 , 109.00435 , ...,  36.194687,  35.977463,
         36.179546],
       [111.31217 , 109.28194 , 105.96557 , ...,  36.332005,  36.445297,
         36.18019 ],
       [107.216225, 103.5879  , 102.36835 , ...,  36.71576 ,  36.72516 ,
         36.770462],
       ...,
       [ 96.09659 ,  95.019424,  95.20852 , ...,  36.40014 ,  36.387573,
         36.457844],
       [ 96.75664 ,  95.91468 ,  96.242714, ...,  36.408463,  36.221558,
         36.226994],
       [ 97.55006 ,  96.504616,  96.73359 , ...,  36.40732 ,  36.41816 ,
         36.393658]], dtype=float32)
Coordinates:
  * time       (time) int64 1695772800 1695772860 ... 1695859080 1695859140
    frequency  (frequency_bins) float32 20.0 21.0 22.0 ... 2.391e+04 2.396e+04
Dimensions without coordinates: frequency_bins
2025-05-13T05:52:08.699327+0000 INFO   - saving dataset to: /mnt/PassiveAcoustics/DETECTOR_OUTPUT/PYTHON_SOUNDSCAPE_PYPAM/Raw/NEFSC_DE/NEFSC_DE_202306_DB03/NC/NEFSC_DE_202306_DB03_20230927.nc
