2025-05-13T05:45:07.335463+0000 INFO Creating FileHelper:
    json_base_dir:           /mnt/PassiveAcoustics/DETECTOR_OUTPUT/PYTHON_SOUNDSCAPE_PYPAM/Raw/NEFSC_DE/NEFSC_DE_202306_DB03/JSON
    audio_base_dir:          file:///mnt/PassiveAcoustics_Soundfiles/BOTTOM_MOUNTED/NEFSC_DE/NEFSC_DE_202306_DB03/7402_48kHz_UTC
    segment_size_in_mins:    1
    s3_client:               None
    gs_client:               None
    download_dir:            None
    assume_downloaded_files: False
    retain_downloaded_files: False
    print_downloading_lines: False

2025-05-13T05:45:07.335783+0000 INFO Creating ProcessHelper:
    output_dir:             /mnt/PassiveAcoustics/DETECTOR_OUTPUT/PYTHON_SOUNDSCAPE_PYPAM/Raw/NEFSC_DE/NEFSC_DE_202306_DB03/NC
    output_prefix:          NEFSC_DE_202306_DB03_
    gen_netcdf:             True
    global_attrs_uri:       /mnt/PassiveAcoustics/DETECTOR_OUTPUT/PYTHON_SOUNDSCAPE_PYPAM/Raw/NEFSC_DE/NEFSC_DE_202306_DB03/META/globalAttributes_NEFSC_DE_202306_DB03.yaml
    set_global_attrs:       None
    variable_attrs_uri:     /mnt/PassiveAcoustics/DETECTOR_OUTPUT/PYTHON_SOUNDSCAPE_PYPAM/Raw/NEFSC_DE/NEFSC_DE_202306_DB03/META/variableAttributes_NEFSC_DE_202306_DB03.yaml
    voltage_multiplier:     None
    sensitivity_uri:        None
    sensitivity_flat_value: 176.6
    subset_to:              (20, 24000)

2025-05-13T05:45:07.335886+0000 INFO Loading global attributes from attrs_uri='/mnt/PassiveAcoustics/DETECTOR_OUTPUT/PYTHON_SOUNDSCAPE_PYPAM/Raw/NEFSC_DE/NEFSC_DE_202306_DB03/META/globalAttributes_NEFSC_DE_202306_DB03.yaml'
2025-05-13T05:45:07.395402+0000 INFO Loading variable attributes from attrs_uri='/mnt/PassiveAcoustics/DETECTOR_OUTPUT/PYTHON_SOUNDSCAPE_PYPAM/Raw/NEFSC_DE/NEFSC_DE_202306_DB03/META/variableAttributes_NEFSC_DE_202306_DB03.yaml'
2025-05-13T05:45:07.400646+0000 INFO Will use given flat sensitivity value: 176.6
2025-05-13T05:45:07.400869+0000 INFO Selecting day: 20230926
2025-05-13T05:45:07.410213+0000 INFO Processing 1440 segments ...
2025-05-13T05:45:07.575051+0000 INFO Got audio parameters
2025-05-13T05:48:26.327845+0000 INFO Aggregating results ...
2025-05-13T05:48:26.418411+0000 INFO Subsetting to [20, 24,000)Hz
2025-05-13T05:48:26.419144+0000 INFO        bands_c (2157) = [20.0, 21.0, 22.0, ..., 23850.637954651032, 23905.619353446305, 23960.727497455657]
2025-05-13T05:48:26.419296+0000 INFO   bands_limits (2158) = [19.5, 20.5, 21.5, ..., 23878.112829131765, 23933.157564053876, 23988.329190194883]
2025-05-13T05:48:27.102469+0000 INFO Resulting milli_psd=<xarray.DataArray 'psd' (time: 1440, frequency_bins: 2157)>
array([[ 97.94694 ,  94.33885 ,  89.1294  , ...,  33.252106,  33.405533,
         33.2383  ],
       [ 98.3361  ,  95.122345,  90.97674 , ...,  33.30154 ,  33.21314 ,
         33.206444],
       [ 97.14797 ,  92.9782  ,  88.13587 , ...,  33.275547,  33.21571 ,
         33.19954 ],
       ...,
       [114.94663 , 112.465126, 108.54127 , ...,  36.525017,  36.35043 ,
         36.21011 ],
       [113.81318 , 111.3937  , 107.901115, ...,  36.44066 ,  36.402348,
         36.5643  ],
       [113.63786 , 110.91893 , 107.39397 , ...,  36.80664 ,  36.877045,
         36.764576]], dtype=float32)
Coordinates:
  * time       (time) int64 1695686400 1695686460 ... 1695772680 1695772740
    frequency  (frequency_bins) float32 20.0 21.0 22.0 ... 2.391e+04 2.396e+04
Dimensions without coordinates: frequency_bins
2025-05-13T05:48:27.107334+0000 INFO   - saving dataset to: /mnt/PassiveAcoustics/DETECTOR_OUTPUT/PYTHON_SOUNDSCAPE_PYPAM/Raw/NEFSC_DE/NEFSC_DE_202306_DB03/NC/NEFSC_DE_202306_DB03_20230926.nc
