2025-05-13T05:37:53.879296+0000 INFO Creating FileHelper:
    json_base_dir:           /mnt/PassiveAcoustics/DETECTOR_OUTPUT/PYTHON_SOUNDSCAPE_PYPAM/Raw/NEFSC_DE/NEFSC_DE_202306_DB03/JSON
    audio_base_dir:          file:///mnt/PassiveAcoustics_Soundfiles/BOTTOM_MOUNTED/NEFSC_DE/NEFSC_DE_202306_DB03/7402_48kHz_UTC
    segment_size_in_mins:    1
    s3_client:               None
    gs_client:               None
    download_dir:            None
    assume_downloaded_files: False
    retain_downloaded_files: False
    print_downloading_lines: False

2025-05-13T05:37:53.879602+0000 INFO Creating ProcessHelper:
    output_dir:             /mnt/PassiveAcoustics/DETECTOR_OUTPUT/PYTHON_SOUNDSCAPE_PYPAM/Raw/NEFSC_DE/NEFSC_DE_202306_DB03/NC
    output_prefix:          NEFSC_DE_202306_DB03_
    gen_netcdf:             True
    global_attrs_uri:       /mnt/PassiveAcoustics/DETECTOR_OUTPUT/PYTHON_SOUNDSCAPE_PYPAM/Raw/NEFSC_DE/NEFSC_DE_202306_DB03/META/globalAttributes_NEFSC_DE_202306_DB03.yaml
    set_global_attrs:       None
    variable_attrs_uri:     /mnt/PassiveAcoustics/DETECTOR_OUTPUT/PYTHON_SOUNDSCAPE_PYPAM/Raw/NEFSC_DE/NEFSC_DE_202306_DB03/META/variableAttributes_NEFSC_DE_202306_DB03.yaml
    voltage_multiplier:     None
    sensitivity_uri:        None
    sensitivity_flat_value: 176.6
    subset_to:              (20, 24000)

2025-05-13T05:37:53.879734+0000 INFO Loading global attributes from attrs_uri='/mnt/PassiveAcoustics/DETECTOR_OUTPUT/PYTHON_SOUNDSCAPE_PYPAM/Raw/NEFSC_DE/NEFSC_DE_202306_DB03/META/globalAttributes_NEFSC_DE_202306_DB03.yaml'
2025-05-13T05:37:53.891767+0000 INFO Loading variable attributes from attrs_uri='/mnt/PassiveAcoustics/DETECTOR_OUTPUT/PYTHON_SOUNDSCAPE_PYPAM/Raw/NEFSC_DE/NEFSC_DE_202306_DB03/META/variableAttributes_NEFSC_DE_202306_DB03.yaml'
2025-05-13T05:37:53.897628+0000 INFO Will use given flat sensitivity value: 176.6
2025-05-13T05:37:53.897847+0000 INFO Selecting day: 20230924
2025-05-13T05:37:53.917402+0000 INFO Processing 1440 segments ...
2025-05-13T05:37:54.070818+0000 INFO Got audio parameters
2025-05-13T05:41:13.046389+0000 INFO Aggregating results ...
2025-05-13T05:41:13.157534+0000 INFO Subsetting to [20, 24,000)Hz
2025-05-13T05:41:13.158342+0000 INFO        bands_c (2157) = [20.0, 21.0, 22.0, ..., 23850.637954651032, 23905.619353446305, 23960.727497455657]
2025-05-13T05:41:13.158485+0000 INFO   bands_limits (2158) = [19.5, 20.5, 21.5, ..., 23878.112829131765, 23933.157564053876, 23988.329190194883]
2025-05-13T05:41:13.954602+0000 INFO Resulting milli_psd=<xarray.DataArray 'psd' (time: 1440, frequency_bins: 2157)>
array([[90.90346 , 90.84094 , 90.25158 , ..., 35.963566, 36.049118,
        35.91669 ],
       [93.59789 , 92.88902 , 92.6585  , ..., 36.066772, 36.056553,
        36.03234 ],
       [96.65883 , 96.18575 , 96.7002  , ..., 36.221703, 35.992073,
        36.02529 ],
       ...,
       [82.9422  , 83.296455, 84.371735, ..., 35.037704, 34.87482 ,
        34.901505],
       [85.68253 , 86.239716, 86.23362 , ..., 34.976887, 35.043514,
        34.9794  ],
       [84.96808 , 85.59145 , 85.91942 , ..., 35.033157, 34.90124 ,
        35.117107]], dtype=float32)
Coordinates:
  * time       (time) int64 1695513600 1695513660 ... 1695599880 1695599940
    frequency  (frequency_bins) float32 20.0 21.0 22.0 ... 2.391e+04 2.396e+04
Dimensions without coordinates: frequency_bins
2025-05-13T05:41:13.959746+0000 INFO   - saving dataset to: /mnt/PassiveAcoustics/DETECTOR_OUTPUT/PYTHON_SOUNDSCAPE_PYPAM/Raw/NEFSC_DE/NEFSC_DE_202306_DB03/NC/NEFSC_DE_202306_DB03_20230924.nc
